# JRE version: 7.0_09-b05
# Java VM: Java HotSpot(TM) 64-Bit Server VM (23.5-b02 mixed mode bsd-amd64 compressed oops)
Heap
 PSYoungGen      total 45312K, used 39382K [0x00000007e4cb0000, 0x00000007eb210000, 0x0000000800000000)
  eden space 41856K, 85% used [0x00000007e4cb0000,0x00000007e6fc6f88,0x00000007e7590000)
  from space 3456K, 99% used [0x00000007e7590000,0x00000007e78eec20,0x00000007e78f0000)
  to   space 10048K, 0% used [0x00000007ea840000,0x00000007ea840000,0x00000007eb210000)
 ParOldGen       total 55680K, used 14957K [0x00000007ae600000, 0x00000007b1c60000, 0x00000007e4cb0000)
  object space 55680K, 26% used [0x00000007ae600000,0x00000007af49b438,0x00000007b1c60000)
 PSPermGen       total 21248K, used 11188K [0x00000007a9400000, 0x00000007aa8c0000, 0x00000007ae600000)
  object space 21248K, 52% used [0x00000007a9400000,0x00000007a9eed1f8,0x00000007aa8c0000)
GC Heap History (10 events):
Event: 1.632 GC heap before
{Heap before GC invocations=1 (full 0):
 PSYoungGen      total 24384K, used 20928K [0x00000007e4cb0000, 0x00000007e67e0000, 0x0000000800000000)
  eden space 20928K, 100% used [0x00000007e4cb0000,0x00000007e6120000,0x00000007e6120000)
  from space 3456K, 0% used [0x00000007e6480000,0x00000007e6480000,0x00000007e67e0000)
  to   space 3456K, 0% used [0x00000007e6120000,0x00000007e6120000,0x00000007e6480000)
 ParOldGen       total 55680K, used 0K [0x00000007ae600000, 0x00000007b1c60000, 0x00000007e4cb0000)
  object space 55680K, 0% used [0x00000007ae600000,0x00000007ae600000,0x00000007b1c60000)
 PSPermGen       total 21248K, used 11011K [0x00000007a9400000, 0x00000007aa8c0000, 0x00000007ae600000)
  object space 21248K, 51% used [0x00000007a9400000,0x00000007a9ec0f90,0x00000007aa8c0000)
Event: 1.640 GC heap after
Heap after GC invocations=1 (full 0):
 PSYoungGen      total 24384K, used 3450K [0x00000007e4cb0000, 0x00000007e67e0000, 0x0000000800000000)
  eden space 20928K, 0% used [0x00000007e4cb0000,0x00000007e4cb0000,0x00000007e6120000)
  from space 3456K, 99% used [0x00000007e6120000,0x00000007e647ebb8,0x00000007e6480000)
  to   space 3456K, 0% used [0x00000007e6480000,0x00000007e6480000,0x00000007e67e0000)
 ParOldGen       total 55680K, used 339K [0x00000007ae600000, 0x00000007b1c60000, 0x00000007e4cb0000)
  object space 55680K, 0% used [0x00000007ae600000,0x00000007ae654fd8,0x00000007b1c60000)
 PSPermGen       total 21248K, used 11011K [0x00000007a9400000, 0x00000007aa8c0000, 0x00000007ae600000)
  object space 21248K, 51% used [0x00000007a9400000,0x00000007a9ec0f90,0x00000007aa8c0000)
}
Event: 2.043 GC heap before
{Heap before GC invocations=2 (full 0):
 PSYoungGen      total 24384K, used 24378K [0x00000007e4cb0000, 0x00000007e67e0000, 0x0000000800000000)
  eden space 20928K, 100% used [0x00000007e4cb0000,0x00000007e6120000,0x00000007e6120000)
  from space 3456K, 99% used [0x00000007e6120000,0x00000007e647ebb8,0x00000007e6480000)
  to   space 3456K, 0% used [0x00000007e6480000,0x00000007e6480000,0x00000007e67e0000)
 ParOldGen       total 55680K, used 339K [0x00000007ae600000, 0x00000007b1c60000, 0x00000007e4cb0000)
  object space 55680K, 0% used [0x00000007ae600000,0x00000007ae654fd8,0x00000007b1c60000)
 PSPermGen       total 21248K, used 11083K [0x00000007a9400000, 0x00000007aa8c0000, 0x00000007ae600000)
  object space 21248K, 52% used [0x00000007a9400000,0x00000007a9ed2da0,0x00000007aa8c0000)
Event: 2.050 GC heap after
Heap after GC invocations=2 (full 0):
 PSYoungGen      total 24384K, used 3428K [0x00000007e4cb0000, 0x00000007e7c50000, 0x0000000800000000)
  eden space 20928K, 0% used [0x00000007e4cb0000,0x00000007e4cb0000,0x00000007e6120000)
  from space 3456K, 99% used [0x00000007e6480000,0x00000007e67d9078,0x00000007e67e0000)
  to   space 3456K, 0% used [0x00000007e6120000,0x00000007e6120000,0x00000007e6480000)
 ParOldGen       total 55680K, used 2909K [0x00000007ae600000, 0x00000007b1c60000, 0x00000007e4cb0000)
  object space 55680K, 5% used [0x00000007ae600000,0x00000007ae8d7438,0x00000007b1c60000)
 PSPermGen       total 21248K, used 11083K [0x00000007a9400000, 0x00000007aa8c0000, 0x00000007ae600000)
  object space 21248K, 52% used [0x00000007a9400000,0x00000007a9ed2da0,0x00000007aa8c0000)
}
Event: 2.207 GC heap before
{Heap before GC invocations=3 (full 0):
 PSYoungGen      total 24384K, used 24356K [0x00000007e4cb0000, 0x00000007e7c50000, 0x0000000800000000)
  eden space 20928K, 100% used [0x00000007e4cb0000,0x00000007e6120000,0x00000007e6120000)
  from space 3456K, 99% used [0x00000007e6480000,0x00000007e67d9078,0x00000007e67e0000)
  to   space 3456K, 0% used [0x00000007e6120000,0x00000007e6120000,0x00000007e6480000)
 ParOldGen       total 55680K, used 2909K [0x00000007ae600000, 0x00000007b1c60000, 0x00000007e4cb0000)
  object space 55680K, 5% used [0x00000007ae600000,0x00000007ae8d7438,0x00000007b1c60000)
 PSPermGen       total 21248K, used 11105K [0x00000007a9400000, 0x00000007aa8c0000, 0x00000007ae600000)
  object space 21248K, 52% used [0x00000007a9400000,0x00000007a9ed8650,0x00000007aa8c0000)
Event: 2.217 GC heap after
Heap after GC invocations=3 (full 0):
 PSYoungGen      total 24384K, used 3428K [0x00000007e4cb0000, 0x00000007e7c50000, 0x0000000800000000)
  eden space 20928K, 0% used [0x00000007e4cb0000,0x00000007e4cb0000,0x00000007e6120000)
  from space 3456K, 99% used [0x00000007e6120000,0x00000007e64791a8,0x00000007e6480000)
  to   space 3456K, 0% used [0x00000007e78f0000,0x00000007e78f0000,0x00000007e7c50000)
 ParOldGen       total 55680K, used 5941K [0x00000007ae600000, 0x00000007b1c60000, 0x00000007e4cb0000)
  object space 55680K, 10% used [0x00000007ae600000,0x00000007aebcd438,0x00000007b1c60000)
 PSPermGen       total 21248K, used 11105K [0x00000007a9400000, 0x00000007aa8c0000, 0x00000007ae600000)
  object space 21248K, 52% used [0x00000007a9400000,0x00000007a9ed8650,0x00000007aa8c0000)
}
Event: 2.298 GC heap before
{Heap before GC invocations=4 (full 0):
 PSYoungGen      total 24384K, used 24356K [0x00000007e4cb0000, 0x00000007e7c50000, 0x0000000800000000)
  eden space 20928K, 100% used [0x00000007e4cb0000,0x00000007e6120000,0x00000007e6120000)
  from space 3456K, 99% used [0x00000007e6120000,0x00000007e64791a8,0x00000007e6480000)
  to   space 3456K, 0% used [0x00000007e78f0000,0x00000007e78f0000,0x00000007e7c50000)
 ParOldGen       total 55680K, used 5941K [0x00000007ae600000, 0x00000007b1c60000, 0x00000007e4cb0000)
  object space 55680K, 10% used [0x00000007ae600000,0x00000007aebcd438,0x00000007b1c60000)
 PSPermGen       total 21248K, used 11106K [0x00000007a9400000, 0x00000007aa8c0000, 0x00000007ae600000)
  object space 21248K, 52% used [0x00000007a9400000,0x00000007a9ed89c0,0x00000007aa8c0000)
Event: 2.310 GC heap after
Heap after GC invocations=4 (full 0):
 PSYoungGen      total 45312K, used 3436K [0x00000007e4cb0000, 0x00000007e7c50000, 0x0000000800000000)
  eden space 41856K, 0% used [0x00000007e4cb0000,0x00000007e4cb0000,0x00000007e7590000)
  from space 3456K, 99% used [0x00000007e78f0000,0x00000007e7c4b230,0x00000007e7c50000)
  to   space 3456K, 0% used [0x00000007e7590000,0x00000007e7590000,0x00000007e78f0000)
 ParOldGen       total 55680K, used 8917K [0x00000007ae600000, 0x00000007b1c60000, 0x00000007e4cb0000)
  object space 55680K, 16% used [0x00000007ae600000,0x00000007aeeb5438,0x00000007b1c60000)
 PSPermGen       total 21248K, used 11106K [0x00000007a9400000, 0x00000007aa8c0000, 0x00000007ae600000)
  object space 21248K, 52% used [0x00000007a9400000,0x00000007a9ed89c0,0x00000007aa8c0000)
}
Event: 2.447 GC heap before
{Heap before GC invocations=5 (full 0):
 PSYoungGen      total 45312K, used 45292K [0x00000007e4cb0000, 0x00000007e7c50000, 0x0000000800000000)
  eden space 41856K, 100% used [0x00000007e4cb0000,0x00000007e7590000,0x00000007e7590000)
  from space 3456K, 99% used [0x00000007e78f0000,0x00000007e7c4b230,0x00000007e7c50000)
  to   space 3456K, 0% used [0x00000007e7590000,0x00000007e7590000,0x00000007e78f0000)
 ParOldGen       total 55680K, used 8917K [0x00000007ae600000, 0x00000007b1c60000, 0x00000007e4cb0000)
  object space 55680K, 16% used [0x00000007ae600000,0x00000007aeeb5438,0x00000007b1c60000)
 PSPermGen       total 21248K, used 11110K [0x00000007a9400000, 0x00000007aa8c0000, 0x00000007ae600000)
  object space 21248K, 52% used [0x00000007a9400000,0x00000007a9ed98a0,0x00000007aa8c0000)
Event: 2.461 GC heap after
Heap after GC invocations=5 (full 0):
 PSYoungGen      total 45312K, used 3451K [0x00000007e4cb0000, 0x00000007eb210000, 0x0000000800000000)
  eden space 41856K, 0% used [0x00000007e4cb0000,0x00000007e4cb0000,0x00000007e7590000)
  from space 3456K, 99% used [0x00000007e7590000,0x00000007e78eec20,0x00000007e78f0000)
  to   space 10048K, 0% used [0x00000007ea840000,0x00000007ea840000,0x00000007eb210000)
 ParOldGen       total 55680K, used 14957K [0x00000007ae600000, 0x00000007b1c60000, 0x00000007e4cb0000)
  object space 55680K, 26% used [0x00000007ae600000,0x00000007af49b438,0x00000007b1c60000)
 PSPermGen       total 21248K, used 11110K [0x00000007a9400000, 0x00000007aa8c0000, 0x00000007ae600000)
  object space 21248K, 52% used [0x00000007a9400000,0x00000007a9ed98a0,0x00000007aa8c0000)
}

